<?xml version="1.0" encoding="UTF-8"?>
<testng-results ignored="0" total="1" passed="1" failed="0" skipped="0">
  <reporter-output>
  </reporter-output>
  <suite started-at="2023-09-21T17:18:52 IST" name="Default suite" finished-at="2023-09-21T17:19:00 IST" duration-ms="8065">
    <groups>
    </groups>
    <test started-at="2023-09-21T17:18:52 IST" name="Default test" finished-at="2023-09-21T17:19:00 IST" duration-ms="8065">
      <class name="managerUtilitis.StartApplication">
        <test-method is-config="true" signature="startUp()[pri:0, instance:managerUtilitis.StartApplication@3c73951]" started-at="2023-09-21T17:18:52 IST" name="startUp" finished-at="2023-09-21T17:19:00 IST" duration-ms="7963" status="PASS">
          <reporter-output>
          </reporter-output>
        </test-method> <!-- startUp -->
        <test-method signature="startApplication()[pri:0, instance:managerUtilitis.StartApplication@3c73951]" started-at="2023-09-21T17:19:00 IST" name="startApplication" finished-at="2023-09-21T17:19:00 IST" duration-ms="9" status="PASS">
          <reporter-output>
          </reporter-output>
        </test-method> <!-- startApplication -->
        <test-method is-config="true" signature="closeUp()[pri:0, instance:managerUtilitis.StartApplication@3c73951]" started-at="2023-09-21T17:19:00 IST" name="closeUp" finished-at="2023-09-21T17:19:00 IST" duration-ms="16" status="PASS">
          <reporter-output>
          </reporter-output>
        </test-method> <!-- closeUp -->
      </class> <!-- managerUtilitis.StartApplication -->
    </test> <!-- Default test -->
  </suite> <!-- Default suite -->
</testng-results>
